-- The C compiler identification is GNU 9.4.0
-- The CXX compiler identification is GNU 9.4.0
-- Detecting C compiler ABI info
-- Detecting C compiler ABI info - done
-- Check for working C compiler: /usr/bin/cc - skipped
-- Detecting C compile features
-- Detecting C compile features - done
-- Detecting CXX compiler ABI info
-- Detecting CXX compiler ABI info - done
-- Check for working CXX compiler: /usr/bin/c++ - skipped
-- Detecting CXX compile features
-- Detecting CXX compile features - done
-- Found ament_cmake: 1.1.6 (/opt/ros/galactic/share/ament_cmake/cmake)
-- Found PythonInterp: /usr/bin/python3 (found suitable version "3.8.10", minimum required is "3") 
-- Using PYTHON_EXECUTABLE: /usr/bin/python3
-- Found rclcpp: 9.2.2 (/opt/ros/galactic/share/rclcpp/cmake)
-- Using all available rosidl_typesupport_c: rosidl_typesupport_fastrtps_c;rosidl_typesupport_introspection_c
-- Found rosidl_adapter: 2.2.3 (/opt/ros/galactic/share/rosidl_adapter/cmake)
-- Found OpenSSL: /usr/lib/x86_64-linux-gnu/libcrypto.so (found version "1.1.1f")  
-- Found FastRTPS: /opt/ros/galactic/include  
-- Using all available rosidl_typesupport_cpp: rosidl_typesupport_fastrtps_cpp;rosidl_typesupport_introspection_cpp
-- Found rmw_implementation_cmake: 3.3.1 (/opt/ros/galactic/share/rmw_implementation_cmake/cmake)
-- Found rmw_cyclonedds_cpp: 0.22.6 (/opt/ros/galactic/share/rmw_cyclonedds_cpp/cmake)
-- Using RMW implementation 'rmw_cyclonedds_cpp' as default
-- Performing Test CMAKE_HAVE_LIBC_PTHREAD
-- Performing Test CMAKE_HAVE_LIBC_PTHREAD - Failed
-- Looking for pthread_create in pthreads
-- Looking for pthread_create in pthreads - not found
-- Looking for pthread_create in pthread
-- Looking for pthread_create in pthread - found
-- Found Threads: TRUE  
-- Found geometry_msgs: 2.2.4 (/opt/ros/galactic/share/geometry_msgs/cmake)
-- Found rosbag2_cpp: 0.9.2 (/opt/ros/galactic/share/rosbag2_cpp/cmake)
-- Found rosbag2_transport: 0.9.2 (/opt/ros/galactic/share/rosbag2_transport/cmake)
-- Found SQLite3: /usr/include (found version "3.31.1") 
-- Configuring done
-- Generating done
-- Build files have been written to: /home/adwait/workspace/ros2_packages/aisd-l-migration/src/rosbags_to_csv/build/rosbags_to_csv
[ 50%] [32mBuilding CXX object CMakeFiles/rosbags_to_csv.dir/src/rosbags_to_csv.cpp.o[0m
[100%] [32m[1mLinking CXX executable rosbags_to_csv[0m
[100%] Built target rosbags_to_csv
-- Install configuration: ""
-- Installing: /home/adwait/workspace/ros2_packages/aisd-l-migration/src/rosbags_to_csv/install/rosbags_to_csv/lib/rosbags_to_csv/rosbags_to_csv
-- Set runtime path of "/home/adwait/workspace/ros2_packages/aisd-l-migration/src/rosbags_to_csv/install/rosbags_to_csv/lib/rosbags_to_csv/rosbags_to_csv" to ""
-- Installing: /home/adwait/workspace/ros2_packages/aisd-l-migration/src/rosbags_to_csv/install/rosbags_to_csv/share/ament_index/resource_index/package_run_dependencies/rosbags_to_csv
-- Installing: /home/adwait/workspace/ros2_packages/aisd-l-migration/src/rosbags_to_csv/install/rosbags_to_csv/share/ament_index/resource_index/parent_prefix_path/rosbags_to_csv
-- Installing: /home/adwait/workspace/ros2_packages/aisd-l-migration/src/rosbags_to_csv/install/rosbags_to_csv/share/rosbags_to_csv/environment/ament_prefix_path.sh
-- Installing: /home/adwait/workspace/ros2_packages/aisd-l-migration/src/rosbags_to_csv/install/rosbags_to_csv/share/rosbags_to_csv/environment/ament_prefix_path.dsv
-- Installing: /home/adwait/workspace/ros2_packages/aisd-l-migration/src/rosbags_to_csv/install/rosbags_to_csv/share/rosbags_to_csv/environment/path.sh
-- Installing: /home/adwait/workspace/ros2_packages/aisd-l-migration/src/rosbags_to_csv/install/rosbags_to_csv/share/rosbags_to_csv/environment/path.dsv
-- Installing: /home/adwait/workspace/ros2_packages/aisd-l-migration/src/rosbags_to_csv/install/rosbags_to_csv/share/rosbags_to_csv/local_setup.bash
-- Installing: /home/adwait/workspace/ros2_packages/aisd-l-migration/src/rosbags_to_csv/install/rosbags_to_csv/share/rosbags_to_csv/local_setup.sh
-- Installing: /home/adwait/workspace/ros2_packages/aisd-l-migration/src/rosbags_to_csv/install/rosbags_to_csv/share/rosbags_to_csv/local_setup.zsh
-- Installing: /home/adwait/workspace/ros2_packages/aisd-l-migration/src/rosbags_to_csv/install/rosbags_to_csv/share/rosbags_to_csv/local_setup.dsv
-- Installing: /home/adwait/workspace/ros2_packages/aisd-l-migration/src/rosbags_to_csv/install/rosbags_to_csv/share/rosbags_to_csv/package.dsv
-- Installing: /home/adwait/workspace/ros2_packages/aisd-l-migration/src/rosbags_to_csv/install/rosbags_to_csv/share/ament_index/resource_index/packages/rosbags_to_csv
-- Installing: /home/adwait/workspace/ros2_packages/aisd-l-migration/src/rosbags_to_csv/install/rosbags_to_csv/share/rosbags_to_csv/cmake/rosbags_to_csvConfig.cmake
-- Installing: /home/adwait/workspace/ros2_packages/aisd-l-migration/src/rosbags_to_csv/install/rosbags_to_csv/share/rosbags_to_csv/cmake/rosbags_to_csvConfig-version.cmake
-- Installing: /home/adwait/workspace/ros2_packages/aisd-l-migration/src/rosbags_to_csv/install/rosbags_to_csv/share/rosbags_to_csv/package.xml
