[0.009s] Invoking command in '/home/adwait/workspace/ros2_packages/aisd-l-migration/src/rosbags_to_csv/build/rosbags_to_csv': CMAKE_PREFIX_PATH=${CMAKE_PREFIX_PATH}:/opt/ros/galactic:/opt/ros/foxy /usr/local/bin/cmake /home/adwait/workspace/ros2_packages/aisd-l-migration/src/rosbags_to_csv -DCMAKE_INSTALL_PREFIX=/home/adwait/workspace/ros2_packages/aisd-l-migration/src/rosbags_to_csv/install/rosbags_to_csv
[0.119s] -- The C compiler identification is GNU 9.4.0
[0.348s] -- The CXX compiler identification is GNU 9.4.0
[0.509s] -- Detecting C compiler ABI info
[0.590s] -- Detecting C compiler ABI info - done
[0.594s] -- Check for working C compiler: /usr/bin/cc - skipped
[0.594s] -- Detecting C compile features
[0.595s] -- Detecting C compile features - done
[0.596s] -- Detecting CXX compiler ABI info
[0.675s] -- Detecting CXX compiler ABI info - done
[0.679s] -- Check for working CXX compiler: /usr/bin/c++ - skipped
[0.679s] -- Detecting CXX compile features
[0.680s] -- Detecting CXX compile features - done
[0.681s] -- Found ament_cmake: 1.1.6 (/opt/ros/galactic/share/ament_cmake/cmake)
[0.695s] -- Found PythonInterp: /usr/bin/python3 (found suitable version "3.8.10", minimum required is "3") 
[0.696s] -- Using PYTHON_EXECUTABLE: /usr/bin/python3
[0.744s] -- Found rclcpp: 9.2.2 (/opt/ros/galactic/share/rclcpp/cmake)
[0.846s] -- Using all available rosidl_typesupport_c: rosidl_typesupport_fastrtps_c;rosidl_typesupport_introspection_c
[0.850s] -- Found rosidl_adapter: 2.2.3 (/opt/ros/galactic/share/rosidl_adapter/cmake)
[1.478s] -- Found OpenSSL: /usr/lib/x86_64-linux-gnu/libcrypto.so (found version "1.1.1f")  
[2.188s] -- Found FastRTPS: /opt/ros/galactic/include  
[3.325s] -- Using all available rosidl_typesupport_cpp: rosidl_typesupport_fastrtps_cpp;rosidl_typesupport_introspection_cpp
[3.354s] -- Found rmw_implementation_cmake: 3.3.1 (/opt/ros/galactic/share/rmw_implementation_cmake/cmake)
[3.356s] -- Found rmw_cyclonedds_cpp: 0.22.6 (/opt/ros/galactic/share/rmw_cyclonedds_cpp/cmake)
[3.364s] -- Using RMW implementation 'rmw_cyclonedds_cpp' as default
[3.365s] -- Performing Test CMAKE_HAVE_LIBC_PTHREAD
[3.479s] -- Performing Test CMAKE_HAVE_LIBC_PTHREAD - Failed
[3.479s] -- Looking for pthread_create in pthreads
[3.547s] -- Looking for pthread_create in pthreads - not found
[3.547s] -- Looking for pthread_create in pthread
[3.613s] -- Looking for pthread_create in pthread - found
[3.614s] -- Found Threads: TRUE  
[3.689s] -- Found geometry_msgs: 2.2.4 (/opt/ros/galactic/share/geometry_msgs/cmake)
[3.707s] -- Found rosbag2_cpp: 0.9.2 (/opt/ros/galactic/share/rosbag2_cpp/cmake)
[4.309s] -- Found rosbag2_transport: 0.9.2 (/opt/ros/galactic/share/rosbag2_transport/cmake)
[4.378s] -- Found SQLite3: /usr/include (found version "3.31.1") 
[4.416s] -- Configuring done
[4.427s] -- Generating done
[4.429s] -- Build files have been written to: /home/adwait/workspace/ros2_packages/aisd-l-migration/src/rosbags_to_csv/build/rosbags_to_csv
[4.438s] Invoked command in '/home/adwait/workspace/ros2_packages/aisd-l-migration/src/rosbags_to_csv/build/rosbags_to_csv' returned '0': CMAKE_PREFIX_PATH=${CMAKE_PREFIX_PATH}:/opt/ros/galactic:/opt/ros/foxy /usr/local/bin/cmake /home/adwait/workspace/ros2_packages/aisd-l-migration/src/rosbags_to_csv -DCMAKE_INSTALL_PREFIX=/home/adwait/workspace/ros2_packages/aisd-l-migration/src/rosbags_to_csv/install/rosbags_to_csv
[4.439s] Invoking command in '/home/adwait/workspace/ros2_packages/aisd-l-migration/src/rosbags_to_csv/build/rosbags_to_csv': CMAKE_PREFIX_PATH=${CMAKE_PREFIX_PATH}:/opt/ros/galactic:/opt/ros/foxy /usr/local/bin/cmake --build /home/adwait/workspace/ros2_packages/aisd-l-migration/src/rosbags_to_csv/build/rosbags_to_csv -- -j20 -l20
[4.453s] [ 50%] [32mBuilding CXX object CMakeFiles/rosbags_to_csv.dir/src/rosbags_to_csv.cpp.o[0m
[8.064s] [100%] [32m[1mLinking CXX executable rosbags_to_csv[0m
[8.264s] [100%] Built target rosbags_to_csv
[8.268s] Invoked command in '/home/adwait/workspace/ros2_packages/aisd-l-migration/src/rosbags_to_csv/build/rosbags_to_csv' returned '0': CMAKE_PREFIX_PATH=${CMAKE_PREFIX_PATH}:/opt/ros/galactic:/opt/ros/foxy /usr/local/bin/cmake --build /home/adwait/workspace/ros2_packages/aisd-l-migration/src/rosbags_to_csv/build/rosbags_to_csv -- -j20 -l20
[8.274s] Invoking command in '/home/adwait/workspace/ros2_packages/aisd-l-migration/src/rosbags_to_csv/build/rosbags_to_csv': CMAKE_PREFIX_PATH=${CMAKE_PREFIX_PATH}:/opt/ros/galactic:/opt/ros/foxy /usr/local/bin/cmake --install /home/adwait/workspace/ros2_packages/aisd-l-migration/src/rosbags_to_csv/build/rosbags_to_csv
[8.275s] -- Install configuration: ""
[8.277s] -- Installing: /home/adwait/workspace/ros2_packages/aisd-l-migration/src/rosbags_to_csv/install/rosbags_to_csv/lib/rosbags_to_csv/rosbags_to_csv
[8.278s] -- Set runtime path of "/home/adwait/workspace/ros2_packages/aisd-l-migration/src/rosbags_to_csv/install/rosbags_to_csv/lib/rosbags_to_csv/rosbags_to_csv" to ""
[8.279s] -- Installing: /home/adwait/workspace/ros2_packages/aisd-l-migration/src/rosbags_to_csv/install/rosbags_to_csv/share/ament_index/resource_index/package_run_dependencies/rosbags_to_csv
[8.279s] -- Installing: /home/adwait/workspace/ros2_packages/aisd-l-migration/src/rosbags_to_csv/install/rosbags_to_csv/share/ament_index/resource_index/parent_prefix_path/rosbags_to_csv
[8.279s] -- Installing: /home/adwait/workspace/ros2_packages/aisd-l-migration/src/rosbags_to_csv/install/rosbags_to_csv/share/rosbags_to_csv/environment/ament_prefix_path.sh
[8.279s] -- Installing: /home/adwait/workspace/ros2_packages/aisd-l-migration/src/rosbags_to_csv/install/rosbags_to_csv/share/rosbags_to_csv/environment/ament_prefix_path.dsv
[8.280s] -- Installing: /home/adwait/workspace/ros2_packages/aisd-l-migration/src/rosbags_to_csv/install/rosbags_to_csv/share/rosbags_to_csv/environment/path.sh
[8.280s] -- Installing: /home/adwait/workspace/ros2_packages/aisd-l-migration/src/rosbags_to_csv/install/rosbags_to_csv/share/rosbags_to_csv/environment/path.dsv
[8.280s] -- Installing: /home/adwait/workspace/ros2_packages/aisd-l-migration/src/rosbags_to_csv/install/rosbags_to_csv/share/rosbags_to_csv/local_setup.bash
[8.280s] -- Installing: /home/adwait/workspace/ros2_packages/aisd-l-migration/src/rosbags_to_csv/install/rosbags_to_csv/share/rosbags_to_csv/local_setup.sh
[8.280s] -- Installing: /home/adwait/workspace/ros2_packages/aisd-l-migration/src/rosbags_to_csv/install/rosbags_to_csv/share/rosbags_to_csv/local_setup.zsh
[8.280s] -- Installing: /home/adwait/workspace/ros2_packages/aisd-l-migration/src/rosbags_to_csv/install/rosbags_to_csv/share/rosbags_to_csv/local_setup.dsv
[8.280s] -- Installing: /home/adwait/workspace/ros2_packages/aisd-l-migration/src/rosbags_to_csv/install/rosbags_to_csv/share/rosbags_to_csv/package.dsv
[8.280s] -- Installing: /home/adwait/workspace/ros2_packages/aisd-l-migration/src/rosbags_to_csv/install/rosbags_to_csv/share/ament_index/resource_index/packages/rosbags_to_csv
[8.280s] -- Installing: /home/adwait/workspace/ros2_packages/aisd-l-migration/src/rosbags_to_csv/install/rosbags_to_csv/share/rosbags_to_csv/cmake/rosbags_to_csvConfig.cmake
[8.280s] -- Installing: /home/adwait/workspace/ros2_packages/aisd-l-migration/src/rosbags_to_csv/install/rosbags_to_csv/share/rosbags_to_csv/cmake/rosbags_to_csvConfig-version.cmake
[8.280s] -- Installing: /home/adwait/workspace/ros2_packages/aisd-l-migration/src/rosbags_to_csv/install/rosbags_to_csv/share/rosbags_to_csv/package.xml
[8.281s] Invoked command in '/home/adwait/workspace/ros2_packages/aisd-l-migration/src/rosbags_to_csv/build/rosbags_to_csv' returned '0': CMAKE_PREFIX_PATH=${CMAKE_PREFIX_PATH}:/opt/ros/galactic:/opt/ros/foxy /usr/local/bin/cmake --install /home/adwait/workspace/ros2_packages/aisd-l-migration/src/rosbags_to_csv/build/rosbags_to_csv
